10:39:29 INFO  : Launching XSDB server: xsdb.bat -s C:/Logiciels/Xilinx/SDK/2015.2/scripts/xsdb/xsdb/xsdb-server.tcl
10:39:33 INFO  : Processing command line option -hwspec C:/temp/tp2Code/adv7511_zed.sdk/system_top.hdf.
10:39:37 INFO  : XSDB server has started successfully.
11:01:49 INFO  : BSP Project P/bsp has been successfully migrated.
11:02:56 INFO  : Connected to target on host '127.0.0.1' and port '3121'.
11:02:57 INFO  : 'targets -set -filter {jtag_cable_name =~ "Digilent Zed 210248685294" && level==0} -index 1' command is executed.
11:02:59 INFO  : FPGA configured successfully with bitstream "C:/temp/tp2Code/adv7511_zed.sdk/system_top_hw_platform_0/system_top.bit"
11:03:45 INFO  : Processor reset is completed for ps7_cortexa9_0
11:03:50 ERROR : Unexpected error while launching program.
com.xilinx.sdk.targetmanager.TMException: Error downloading program to target: 
	at com.xilinx.sdk.debug.core.XilinxAppLaunchConfigurationDelegate.loadProgram(XilinxAppLaunchConfigurationDelegate.java:837)
	at com.xilinx.sdk.debug.core.XilinxAppLaunchConfigurationDelegate.debugApplication(XilinxAppLaunchConfigurationDelegate.java:718)
	at com.xilinx.sdk.debug.core.XilinxAppLaunchConfigurationDelegate.launch(XilinxAppLaunchConfigurationDelegate.java:298)
	at com.xilinx.sdk.debug.ui.XilinxAppLaunchDelegateWrapper.launch(XilinxAppLaunchDelegateWrapper.java:31)
	at org.eclipse.debug.internal.core.LaunchConfiguration.launch(LaunchConfiguration.java:858)
	at org.eclipse.debug.internal.core.LaunchConfiguration.launch(LaunchConfiguration.java:707)
	at org.eclipse.debug.internal.ui.DebugUIPlugin.buildAndLaunch(DebugUIPlugin.java:1018)
	at org.eclipse.debug.internal.ui.DebugUIPlugin$8.run(DebugUIPlugin.java:1222)
	at org.eclipse.core.internal.jobs.Worker.run(Worker.java:53)
11:04:15 INFO  : Connected to target on host '127.0.0.1' and port '3121'.
11:04:16 INFO  : 'targets -set -filter {jtag_cable_name =~ "Digilent Zed 210248685294" && level==0} -index 1' command is executed.
11:04:18 INFO  : FPGA configured successfully with bitstream "C:/temp/tp2Code/adv7511_zed.sdk/system_top_hw_platform_0/system_top.bit"
11:04:42 ERROR : Unexpected error while launching program.
java.lang.RuntimeException: Error in Resetting Target

    Could not stop the processor after reset


	at com.xilinx.sdk.targetmanager.internal.TM.doProcessorReset(TM.java:995)
	at com.xilinx.sdk.debug.core.XilinxAppLaunchConfigurationDelegate.runTargetSetup(XilinxAppLaunchConfigurationDelegate.java:506)
	at com.xilinx.sdk.debug.core.XilinxAppLaunchConfigurationDelegate.debugApplication(XilinxAppLaunchConfigurationDelegate.java:673)
	at com.xilinx.sdk.debug.core.XilinxAppLaunchConfigurationDelegate.launch(XilinxAppLaunchConfigurationDelegate.java:298)
	at com.xilinx.sdk.debug.ui.XilinxAppLaunchDelegateWrapper.launch(XilinxAppLaunchDelegateWrapper.java:31)
	at org.eclipse.debug.internal.core.LaunchConfiguration.launch(LaunchConfiguration.java:858)
	at org.eclipse.debug.internal.core.LaunchConfiguration.launch(LaunchConfiguration.java:707)
	at org.eclipse.debug.internal.ui.DebugUIPlugin.buildAndLaunch(DebugUIPlugin.java:1018)
	at org.eclipse.debug.internal.ui.DebugUIPlugin$8.run(DebugUIPlugin.java:1222)
	at org.eclipse.core.internal.jobs.Worker.run(Worker.java:53)
11:06:39 INFO  : Connected to target on host '127.0.0.1' and port '3121'.
11:06:39 INFO  : 'targets -set -filter {jtag_cable_name =~ "Digilent Zed 210248685294" && level==0} -index 1' command is executed.
11:06:42 INFO  : FPGA configured successfully with bitstream "C:/temp/tp2Code/adv7511_zed.sdk/system_top_hw_platform_0/system_top.bit"
11:07:09 ERROR : Unexpected error while launching program.
java.lang.RuntimeException: Error in Resetting Target

    Could not stop the processor after reset


	at com.xilinx.sdk.targetmanager.internal.TM.doProcessorReset(TM.java:995)
	at com.xilinx.sdk.debug.core.XilinxAppLaunchConfigurationDelegate.runTargetSetup(XilinxAppLaunchConfigurationDelegate.java:506)
	at com.xilinx.sdk.debug.core.XilinxAppLaunchConfigurationDelegate.debugApplication(XilinxAppLaunchConfigurationDelegate.java:673)
	at com.xilinx.sdk.debug.core.XilinxAppLaunchConfigurationDelegate.launch(XilinxAppLaunchConfigurationDelegate.java:298)
	at com.xilinx.sdk.debug.ui.XilinxAppLaunchDelegateWrapper.launch(XilinxAppLaunchDelegateWrapper.java:31)
	at org.eclipse.debug.internal.core.LaunchConfiguration.launch(LaunchConfiguration.java:858)
	at org.eclipse.debug.internal.core.LaunchConfiguration.launch(LaunchConfiguration.java:707)
	at org.eclipse.debug.internal.ui.DebugUIPlugin.buildAndLaunch(DebugUIPlugin.java:1018)
	at org.eclipse.debug.internal.ui.DebugUIPlugin$8.run(DebugUIPlugin.java:1222)
	at org.eclipse.core.internal.jobs.Worker.run(Worker.java:53)
11:08:05 INFO  : Connected to target on host '127.0.0.1' and port '3121'.
11:08:05 INFO  : 'targets -set -filter {jtag_cable_name =~ "Digilent Zed 210248685294" && level==0} -index 1' command is executed.
11:08:08 INFO  : FPGA configured successfully with bitstream "C:/temp/tp2Code/adv7511_zed.sdk/system_top_hw_platform_0/system_top.bit"
11:08:17 INFO  : ps7_init is completed.
11:08:17 INFO  : ps7_post_config is completed.
11:08:17 INFO  : Processor reset is completed for ps7_cortexa9_0
11:30:56 INFO  : BSP Project P/bsp has been successfully migrated.
11:41:31 INFO  : Inferring section assignments and sizes from elf file: C:\temp\tp2Code\adv7511_zed.sdk\sw_tp2\Debug\sw_tp2.elf
